[2025-02-05 17:50:13] [CORE] MPP-Core is starting...
[2025-02-05 17:50:19] [NET] Libnet initialized.
[2025-02-05 17:50:25] [TUI] MPP-TUI started.
[2025-02-05 17:50:43] [CORE] Sent to CMD: shutdown
[2025-02-05 17:50:44] [CORE] Sent to NET: quit
[2025-02-05 17:50:44] [NET] Raw Command Received: quit
[2025-02-05 17:50:44] [CORE] Exiting...
[2025-02-05 17:50:44] [NET] Shutting down...
[2025-02-05 17:50:44] [TUI] Exiting...
[2025-02-05 18:20:51] [CORE] MPP-Core is starting...
[2025-02-05 18:21:25] [CORE] Sent to CMD: shutdown
[2025-02-05 18:21:26] [CORE] ERROR: Could not connect to NET.
[2025-02-05 18:21:26] [CORE] Exiting...
[2025-02-05 19:07:42] [CORE] MPP-Core is starting...
[2025-02-05 19:14:16] [CORE] Sent to CMD: shutdown
[2025-02-05 19:14:17] [CORE] ERROR: Could not connect to NET.
[2025-02-05 19:14:17] [CORE] Exiting...
[2025-02-05 20:01:20] [CORE] MPP-Core is starting...
[2025-02-05 20:02:10] [CORE] Sent to CMD: shutdown
[2025-02-05 20:02:11] [CORE] ERROR: Could not connect to NET.
[2025-02-05 20:02:11] [CORE] Exiting...
[2025-02-05 20:02:22] [CORE] MPP-Core is starting...
[2025-02-05 20:11:24] [CORE] MPP-Core is starting...
[2025-02-05 20:11:31] [CORE] Sent to CMD: shutdown
[2025-02-05 20:11:32] [CORE] ERROR: Could not connect to NET.
[2025-02-05 20:11:32] [CORE] Exiting...
[2025-02-05 20:11:44] [CORE] MPP-Core is starting...
[2025-02-05 20:11:58] [CORE] Sent to CMD: [CORE] Packets Captured: 0
[CORE] Packets Transmitted: 0
[CORE] Errors: 0
[CORE] Uptime: 0h 0m 14s

[2025-02-05 20:17:39] [CORE] MPP-Core is starting...
[2025-02-05 20:17:46] [CORE] ERROR: Could not connect to NET.
[2025-02-05 20:17:46] [CORE] Exiting...
[2025-02-05 20:17:51] [CORE] MPP-Core is starting...
[2025-02-05 20:31:31] [CORE] ERROR: Could not connect to NET.
[2025-02-05 20:31:31] [CORE] Exiting...
[2025-02-05 20:31:38] [CORE] MPP-Core is starting...
[2025-02-05 20:52:28] [CORE] MPP-Core is starting...
[2025-02-05 20:52:34] [CORE] ERROR: Could not connect to NET.
[2025-02-05 20:52:34] [CORE] Exiting...
[2025-02-05 20:52:43] [CORE] MPP-Core is starting...
[2025-02-05 20:59:27] [CORE] MPP-Core is starting...
[2025-02-05 21:00:08] [CORE] MPP-Core is starting...
[2025-02-05 21:01:09] [CORE] MPP-Core is starting...
[2025-02-05 21:19:50] [CORE] MPP-Core is starting...
[2025-02-05 21:24:55] [CORE] MPP-Core is starting...
[2025-02-05 21:25:00] [CORE] ERROR: Could not connect to NET.
[2025-02-05 21:25:03] [CORE] ERROR: Could not connect to NET.
[2025-02-05 21:25:16] [CORE] ERROR: Could not connect to NET.
[2025-02-05 21:25:16] [CORE] Exiting...
[2025-02-05 21:25:34] [CORE] MPP-Core is starting...
[2025-02-05 21:26:22] [CORE] ERROR: Could not connect to NET.
[2025-02-05 21:26:22] [CORE] Exiting...
[2025-02-05 21:27:09] [CORE] MPP-Core is starting...
[2025-02-05 21:27:19] [CORE] ERROR: Could not connect to NET.
[2025-02-05 21:27:19] [CORE] Exiting...
